2024-11-11T15:15:00.359272Z 0 [Warning] [MY-010097] [Server] Insecure configuration for --secure-file-priv: Current value does not restrict location of generated files. Consider setting it to a valid, non-empty path.
2024-11-11T15:15:00.359310Z 0 [Warning] [MY-010918] [Server] 'default_authentication_plugin' is deprecated and will be removed in a future release. Please use authentication_policy instead.
2024-11-11T15:15:00.359331Z 0 [System] [MY-010116] [Server] C:\laragon\bin\mysql\mysql-8.0.30-winx64\bin\mysqld (mysqld 8.0.30) starting as process 19852
2024-11-11T15:15:00.382254Z 1 [System] [MY-013576] [InnoDB] InnoDB initialization has started.
2024-11-11T15:15:00.867051Z 1 [System] [MY-013577] [InnoDB] InnoDB initialization has ended.
2024-11-11T15:15:01.233024Z 0 [Warning] [MY-013829] [Server] Missing data directory for ICU regular expressions: C:\laragon\bin\mysql\mysql-8.0.30-winx64\lib\private\.
2024-11-11T15:15:01.237487Z 0 [Warning] [MY-010068] [Server] CA certificate ca.pem is self signed.
2024-11-11T15:15:01.237944Z 0 [System] [MY-013602] [Server] Channel mysql_main configured to support TLS. Encrypted connections are now supported for this channel.
2024-11-11T15:15:01.280735Z 0 [System] [MY-011323] [Server] X Plugin ready for connections. Bind-address: '::' port: 33060
2024-11-11T15:15:01.280845Z 0 [System] [MY-010931] [Server] C:\laragon\bin\mysql\mysql-8.0.30-winx64\bin\mysqld: ready for connections. Version: '8.0.30'  socket: ''  port: 3306  MySQL Community Server - GPL.
2024-11-11T15:27:25.522537Z 258 [System] [MY-013172] [Server] Received SHUTDOWN from user root. Shutting down mysqld (Version: 8.0.30).
2024-11-11T15:27:25.523364Z 0 [System] [MY-013105] [Server] C:\laragon\bin\mysql\mysql-8.0.30-winx64\bin\mysqld: Normal shutdown.
2024-11-11T15:27:25.990297Z 0 [System] [MY-010910] [Server] C:\laragon\bin\mysql\mysql-8.0.30-winx64\bin\mysqld: Shutdown complete (mysqld 8.0.30)  MySQL Community Server - GPL.
2024-11-11T15:33:25.404685Z 0 [Warning] [MY-010097] [Server] Insecure configuration for --secure-file-priv: Current value does not restrict location of generated files. Consider setting it to a valid, non-empty path.
2024-11-11T15:33:25.404722Z 0 [Warning] [MY-010918] [Server] 'default_authentication_plugin' is deprecated and will be removed in a future release. Please use authentication_policy instead.
2024-11-11T15:33:25.404745Z 0 [System] [MY-010116] [Server] C:\laragon\bin\mysql\mysql-8.0.30-winx64\bin\mysqld (mysqld 8.0.30) starting as process 18416
2024-11-11T15:33:25.421546Z 1 [System] [MY-013576] [InnoDB] InnoDB initialization has started.
2024-11-11T15:33:25.895396Z 1 [System] [MY-013577] [InnoDB] InnoDB initialization has ended.
2024-11-11T15:33:26.225031Z 0 [Warning] [MY-013829] [Server] Missing data directory for ICU regular expressions: C:\laragon\bin\mysql\mysql-8.0.30-winx64\lib\private\.
2024-11-11T15:33:26.229703Z 0 [Warning] [MY-010068] [Server] CA certificate ca.pem is self signed.
2024-11-11T15:33:26.230157Z 0 [System] [MY-013602] [Server] Channel mysql_main configured to support TLS. Encrypted connections are now supported for this channel.
2024-11-11T15:33:26.265010Z 0 [System] [MY-011323] [Server] X Plugin ready for connections. Bind-address: '::' port: 33060
2024-11-11T15:33:26.266149Z 0 [System] [MY-010931] [Server] C:\laragon\bin\mysql\mysql-8.0.30-winx64\bin\mysqld: ready for connections. Version: '8.0.30'  socket: ''  port: 3306  MySQL Community Server - GPL.
2024-11-12T09:16:23.352870Z 0 [Warning] [MY-010097] [Server] Insecure configuration for --secure-file-priv: Current value does not restrict location of generated files. Consider setting it to a valid, non-empty path.
2024-11-12T09:16:23.353602Z 0 [Warning] [MY-010918] [Server] 'default_authentication_plugin' is deprecated and will be removed in a future release. Please use authentication_policy instead.
2024-11-12T09:16:23.353633Z 0 [System] [MY-010116] [Server] C:\laragon\bin\mysql\mysql-8.0.30-winx64\bin\mysqld (mysqld 8.0.30) starting as process 17828
2024-11-12T09:16:23.428003Z 1 [System] [MY-013576] [InnoDB] InnoDB initialization has started.
2024-11-12T09:16:24.307747Z 1 [System] [MY-013577] [InnoDB] InnoDB initialization has ended.
2024-11-12T09:16:24.682037Z 0 [System] [MY-010229] [Server] Starting XA crash recovery...
2024-11-12T09:16:24.685118Z 0 [System] [MY-010232] [Server] XA crash recovery finished.
2024-11-12T09:16:24.786525Z 0 [Warning] [MY-013829] [Server] Missing data directory for ICU regular expressions: C:\laragon\bin\mysql\mysql-8.0.30-winx64\lib\private\.
2024-11-12T09:16:24.800389Z 0 [Warning] [MY-010068] [Server] CA certificate ca.pem is self signed.
2024-11-12T09:16:24.800967Z 0 [System] [MY-013602] [Server] Channel mysql_main configured to support TLS. Encrypted connections are now supported for this channel.
2024-11-12T09:16:24.841180Z 0 [System] [MY-011323] [Server] X Plugin ready for connections. Bind-address: '::' port: 33060
2024-11-12T09:16:24.841292Z 0 [System] [MY-010931] [Server] C:\laragon\bin\mysql\mysql-8.0.30-winx64\bin\mysqld: ready for connections. Version: '8.0.30'  socket: ''  port: 3306  MySQL Community Server - GPL.
2024-11-18T09:19:46.284029Z 0 [Warning] [MY-010097] [Server] Insecure configuration for --secure-file-priv: Current value does not restrict location of generated files. Consider setting it to a valid, non-empty path.
2024-11-18T09:19:46.284685Z 0 [Warning] [MY-010918] [Server] 'default_authentication_plugin' is deprecated and will be removed in a future release. Please use authentication_policy instead.
2024-11-18T09:19:46.284722Z 0 [System] [MY-010116] [Server] C:\laragon\bin\mysql\mysql-8.0.30-winx64\bin\mysqld (mysqld 8.0.30) starting as process 19964
2024-11-18T09:19:46.384386Z 1 [System] [MY-013576] [InnoDB] InnoDB initialization has started.
2024-11-18T09:19:48.367970Z 1 [System] [MY-013577] [InnoDB] InnoDB initialization has ended.
2024-11-18T09:19:51.634830Z 0 [System] [MY-010229] [Server] Starting XA crash recovery...
2024-11-18T09:19:51.638062Z 0 [System] [MY-010232] [Server] XA crash recovery finished.
2024-11-18T09:19:51.790619Z 0 [Warning] [MY-013829] [Server] Missing data directory for ICU regular expressions: C:\laragon\bin\mysql\mysql-8.0.30-winx64\lib\private\.
2024-11-18T09:19:51.813293Z 0 [Warning] [MY-010068] [Server] CA certificate ca.pem is self signed.
2024-11-18T09:19:51.813924Z 0 [System] [MY-013602] [Server] Channel mysql_main configured to support TLS. Encrypted connections are now supported for this channel.
2024-11-18T09:19:51.872088Z 0 [System] [MY-010931] [Server] C:\laragon\bin\mysql\mysql-8.0.30-winx64\bin\mysqld: ready for connections. Version: '8.0.30'  socket: ''  port: 3306  MySQL Community Server - GPL.
2024-11-18T09:19:51.872321Z 0 [System] [MY-011323] [Server] X Plugin ready for connections. Bind-address: '::' port: 33060
2024-11-20T08:10:34.410476Z 0 [Warning] [MY-010097] [Server] Insecure configuration for --secure-file-priv: Current value does not restrict location of generated files. Consider setting it to a valid, non-empty path.
2024-11-20T08:10:34.411099Z 0 [Warning] [MY-010918] [Server] 'default_authentication_plugin' is deprecated and will be removed in a future release. Please use authentication_policy instead.
2024-11-20T08:10:34.411127Z 0 [System] [MY-010116] [Server] C:\laragon\bin\mysql\mysql-8.0.30-winx64\bin\mysqld (mysqld 8.0.30) starting as process 17300
2024-11-20T08:10:34.483767Z 1 [System] [MY-013576] [InnoDB] InnoDB initialization has started.
2024-11-20T08:10:35.520179Z 1 [System] [MY-013577] [InnoDB] InnoDB initialization has ended.
2024-11-20T08:10:35.879890Z 0 [System] [MY-010229] [Server] Starting XA crash recovery...
2024-11-20T08:10:35.883535Z 0 [System] [MY-010232] [Server] XA crash recovery finished.
2024-11-20T08:10:35.937549Z 0 [Warning] [MY-013829] [Server] Missing data directory for ICU regular expressions: C:\laragon\bin\mysql\mysql-8.0.30-winx64\lib\private\.
2024-11-20T08:10:35.950347Z 0 [Warning] [MY-010068] [Server] CA certificate ca.pem is self signed.
2024-11-20T08:10:35.950787Z 0 [System] [MY-013602] [Server] Channel mysql_main configured to support TLS. Encrypted connections are now supported for this channel.
2024-11-20T08:10:35.998299Z 0 [System] [MY-011323] [Server] X Plugin ready for connections. Bind-address: '::' port: 33060
2024-11-20T08:10:35.998380Z 0 [System] [MY-010931] [Server] C:\laragon\bin\mysql\mysql-8.0.30-winx64\bin\mysqld: ready for connections. Version: '8.0.30'  socket: ''  port: 3306  MySQL Community Server - GPL.
2024-11-20T11:10:19.617395Z 199 [System] [MY-013172] [Server] Received SHUTDOWN from user root. Shutting down mysqld (Version: 8.0.30).
2024-11-20T11:10:19.618246Z 0 [System] [MY-013105] [Server] C:\laragon\bin\mysql\mysql-8.0.30-winx64\bin\mysqld: Normal shutdown.
2024-11-20T11:10:20.329162Z 0 [System] [MY-010910] [Server] C:\laragon\bin\mysql\mysql-8.0.30-winx64\bin\mysqld: Shutdown complete (mysqld 8.0.30)  MySQL Community Server - GPL.
2024-11-21T10:24:37.270130Z 0 [Warning] [MY-010097] [Server] Insecure configuration for --secure-file-priv: Current value does not restrict location of generated files. Consider setting it to a valid, non-empty path.
2024-11-21T10:24:37.271623Z 0 [Warning] [MY-010918] [Server] 'default_authentication_plugin' is deprecated and will be removed in a future release. Please use authentication_policy instead.
2024-11-21T10:24:37.271658Z 0 [System] [MY-010116] [Server] C:\laragon\bin\mysql\mysql-8.0.30-winx64\bin\mysqld (mysqld 8.0.30) starting as process 22352
2024-11-21T10:24:37.512689Z 1 [System] [MY-013576] [InnoDB] InnoDB initialization has started.
2024-11-21T10:24:38.328708Z 1 [System] [MY-013577] [InnoDB] InnoDB initialization has ended.
2024-11-21T10:24:38.803381Z 0 [Warning] [MY-013829] [Server] Missing data directory for ICU regular expressions: C:\laragon\bin\mysql\mysql-8.0.30-winx64\lib\private\.
2024-11-21T10:24:38.829002Z 0 [Warning] [MY-010068] [Server] CA certificate ca.pem is self signed.
2024-11-21T10:24:38.829550Z 0 [System] [MY-013602] [Server] Channel mysql_main configured to support TLS. Encrypted connections are now supported for this channel.
2024-11-21T10:24:38.880761Z 0 [System] [MY-011323] [Server] X Plugin ready for connections. Bind-address: '::' port: 33060
2024-11-21T10:24:38.880813Z 0 [System] [MY-010931] [Server] C:\laragon\bin\mysql\mysql-8.0.30-winx64\bin\mysqld: ready for connections. Version: '8.0.30'  socket: ''  port: 3306  MySQL Community Server - GPL.
2024-11-21T12:29:49.634451Z 60 [System] [MY-013172] [Server] Received SHUTDOWN from user root. Shutting down mysqld (Version: 8.0.30).
2024-11-21T12:29:49.635921Z 0 [System] [MY-013105] [Server] C:\laragon\bin\mysql\mysql-8.0.30-winx64\bin\mysqld: Normal shutdown.
2024-11-21T12:29:50.455024Z 0 [System] [MY-010910] [Server] C:\laragon\bin\mysql\mysql-8.0.30-winx64\bin\mysqld: Shutdown complete (mysqld 8.0.30)  MySQL Community Server - GPL.
2024-11-26T08:53:14.503885Z 0 [Warning] [MY-010097] [Server] Insecure configuration for --secure-file-priv: Current value does not restrict location of generated files. Consider setting it to a valid, non-empty path.
2024-11-26T08:53:14.504505Z 0 [Warning] [MY-010918] [Server] 'default_authentication_plugin' is deprecated and will be removed in a future release. Please use authentication_policy instead.
2024-11-26T08:53:14.504536Z 0 [System] [MY-010116] [Server] C:\laragon\bin\mysql\mysql-8.0.30-winx64\bin\mysqld (mysqld 8.0.30) starting as process 21328
2024-11-26T08:53:14.580470Z 1 [System] [MY-013576] [InnoDB] InnoDB initialization has started.
2024-11-26T08:53:15.228476Z 1 [System] [MY-013577] [InnoDB] InnoDB initialization has ended.
2024-11-26T08:53:15.729549Z 0 [Warning] [MY-013829] [Server] Missing data directory for ICU regular expressions: C:\laragon\bin\mysql\mysql-8.0.30-winx64\lib\private\.
2024-11-26T08:53:15.743525Z 0 [Warning] [MY-010068] [Server] CA certificate ca.pem is self signed.
2024-11-26T08:53:15.744097Z 0 [System] [MY-013602] [Server] Channel mysql_main configured to support TLS. Encrypted connections are now supported for this channel.
2024-11-26T08:53:15.797769Z 0 [System] [MY-011323] [Server] X Plugin ready for connections. Bind-address: '::' port: 33060
2024-11-26T08:53:15.797853Z 0 [System] [MY-010931] [Server] C:\laragon\bin\mysql\mysql-8.0.30-winx64\bin\mysqld: ready for connections. Version: '8.0.30'  socket: ''  port: 3306  MySQL Community Server - GPL.
2024-11-26T10:57:11.660713Z 411 [System] [MY-013172] [Server] Received SHUTDOWN from user root. Shutting down mysqld (Version: 8.0.30).
2024-11-26T10:57:11.661460Z 0 [System] [MY-013105] [Server] C:\laragon\bin\mysql\mysql-8.0.30-winx64\bin\mysqld: Normal shutdown.
2024-11-26T10:57:12.345177Z 0 [System] [MY-010910] [Server] C:\laragon\bin\mysql\mysql-8.0.30-winx64\bin\mysqld: Shutdown complete (mysqld 8.0.30)  MySQL Community Server - GPL.
2024-11-30T11:28:27.877282Z 0 [Warning] [MY-010097] [Server] Insecure configuration for --secure-file-priv: Current value does not restrict location of generated files. Consider setting it to a valid, non-empty path.
2024-11-30T11:28:27.877879Z 0 [Warning] [MY-010918] [Server] 'default_authentication_plugin' is deprecated and will be removed in a future release. Please use authentication_policy instead.
2024-11-30T11:28:27.877911Z 0 [System] [MY-010116] [Server] C:\laragon\bin\mysql\mysql-8.0.30-winx64\bin\mysqld (mysqld 8.0.30) starting as process 12488
2024-11-30T11:28:27.953367Z 1 [System] [MY-013576] [InnoDB] InnoDB initialization has started.
2024-11-30T11:28:28.684296Z 1 [System] [MY-013577] [InnoDB] InnoDB initialization has ended.
2024-11-30T11:28:29.058168Z 0 [Warning] [MY-013829] [Server] Missing data directory for ICU regular expressions: C:\laragon\bin\mysql\mysql-8.0.30-winx64\lib\private\.
2024-11-30T11:28:29.081196Z 0 [Warning] [MY-010068] [Server] CA certificate ca.pem is self signed.
2024-11-30T11:28:29.081761Z 0 [System] [MY-013602] [Server] Channel mysql_main configured to support TLS. Encrypted connections are now supported for this channel.
2024-11-30T11:28:29.156311Z 0 [System] [MY-011323] [Server] X Plugin ready for connections. Bind-address: '::' port: 33060
2024-11-30T11:28:29.156368Z 0 [System] [MY-010931] [Server] C:\laragon\bin\mysql\mysql-8.0.30-winx64\bin\mysqld: ready for connections. Version: '8.0.30'  socket: ''  port: 3306  MySQL Community Server - GPL.
2024-11-30T19:41:01.200484Z 156 [System] [MY-013172] [Server] Received SHUTDOWN from user root. Shutting down mysqld (Version: 8.0.30).
2024-11-30T19:41:01.202263Z 0 [System] [MY-013105] [Server] C:\laragon\bin\mysql\mysql-8.0.30-winx64\bin\mysqld: Normal shutdown.
2024-11-30T19:41:01.743102Z 0 [System] [MY-010910] [Server] C:\laragon\bin\mysql\mysql-8.0.30-winx64\bin\mysqld: Shutdown complete (mysqld 8.0.30)  MySQL Community Server - GPL.
2024-11-30T19:47:24.180660Z 0 [Warning] [MY-010097] [Server] Insecure configuration for --secure-file-priv: Current value does not restrict location of generated files. Consider setting it to a valid, non-empty path.
2024-11-30T19:47:24.180701Z 0 [Warning] [MY-010918] [Server] 'default_authentication_plugin' is deprecated and will be removed in a future release. Please use authentication_policy instead.
2024-11-30T19:47:24.180726Z 0 [System] [MY-010116] [Server] C:\laragon\bin\mysql\mysql-8.0.30-winx64\bin\mysqld (mysqld 8.0.30) starting as process 24820
2024-11-30T19:47:24.205384Z 1 [System] [MY-013576] [InnoDB] InnoDB initialization has started.
2024-11-30T19:47:25.532356Z 1 [System] [MY-013577] [InnoDB] InnoDB initialization has ended.
2024-11-30T19:47:25.996666Z 0 [Warning] [MY-013829] [Server] Missing data directory for ICU regular expressions: C:\laragon\bin\mysql\mysql-8.0.30-winx64\lib\private\.
2024-11-30T19:47:26.014102Z 0 [Warning] [MY-010068] [Server] CA certificate ca.pem is self signed.
2024-11-30T19:47:26.014641Z 0 [System] [MY-013602] [Server] Channel mysql_main configured to support TLS. Encrypted connections are now supported for this channel.
2024-11-30T19:47:26.065715Z 0 [System] [MY-011323] [Server] X Plugin ready for connections. Bind-address: '::' port: 33060
2024-11-30T19:47:26.066978Z 0 [System] [MY-010931] [Server] C:\laragon\bin\mysql\mysql-8.0.30-winx64\bin\mysqld: ready for connections. Version: '8.0.30'  socket: ''  port: 3306  MySQL Community Server - GPL.
2024-11-30T19:54:56.288107Z 13 [System] [MY-013172] [Server] Received SHUTDOWN from user root. Shutting down mysqld (Version: 8.0.30).
2024-11-30T19:54:56.288819Z 0 [System] [MY-013105] [Server] C:\laragon\bin\mysql\mysql-8.0.30-winx64\bin\mysqld: Normal shutdown.
2024-11-30T19:54:56.793599Z 0 [System] [MY-010910] [Server] C:\laragon\bin\mysql\mysql-8.0.30-winx64\bin\mysqld: Shutdown complete (mysqld 8.0.30)  MySQL Community Server - GPL.
2024-11-30T20:15:21.531943Z 0 [Warning] [MY-010097] [Server] Insecure configuration for --secure-file-priv: Current value does not restrict location of generated files. Consider setting it to a valid, non-empty path.
2024-11-30T20:15:21.531981Z 0 [Warning] [MY-010918] [Server] 'default_authentication_plugin' is deprecated and will be removed in a future release. Please use authentication_policy instead.
2024-11-30T20:15:21.532003Z 0 [System] [MY-010116] [Server] C:\laragon\bin\mysql\mysql-8.0.30-winx64\bin\mysqld (mysqld 8.0.30) starting as process 20732
2024-11-30T20:15:21.549241Z 1 [System] [MY-013576] [InnoDB] InnoDB initialization has started.
2024-11-30T20:15:22.032904Z 1 [System] [MY-013577] [InnoDB] InnoDB initialization has ended.
2024-11-30T20:15:22.404366Z 0 [Warning] [MY-013829] [Server] Missing data directory for ICU regular expressions: C:\laragon\bin\mysql\mysql-8.0.30-winx64\lib\private\.
2024-11-30T20:15:22.416637Z 0 [Warning] [MY-010068] [Server] CA certificate ca.pem is self signed.
2024-11-30T20:15:22.417094Z 0 [System] [MY-013602] [Server] Channel mysql_main configured to support TLS. Encrypted connections are now supported for this channel.
2024-11-30T20:15:22.461291Z 0 [System] [MY-011323] [Server] X Plugin ready for connections. Bind-address: '::' port: 33060
2024-11-30T20:15:22.461479Z 0 [System] [MY-010931] [Server] C:\laragon\bin\mysql\mysql-8.0.30-winx64\bin\mysqld: ready for connections. Version: '8.0.30'  socket: ''  port: 3306  MySQL Community Server - GPL.
2024-12-01T11:20:24.217171Z 0 [Warning] [MY-010097] [Server] Insecure configuration for --secure-file-priv: Current value does not restrict location of generated files. Consider setting it to a valid, non-empty path.
2024-12-01T11:20:24.217781Z 0 [Warning] [MY-010918] [Server] 'default_authentication_plugin' is deprecated and will be removed in a future release. Please use authentication_policy instead.
2024-12-01T11:20:24.217809Z 0 [System] [MY-010116] [Server] C:\laragon\bin\mysql\mysql-8.0.30-winx64\bin\mysqld (mysqld 8.0.30) starting as process 14528
2024-12-01T11:20:24.291384Z 1 [System] [MY-013576] [InnoDB] InnoDB initialization has started.
2024-12-01T11:20:25.183015Z 1 [System] [MY-013577] [InnoDB] InnoDB initialization has ended.
2024-12-01T11:20:25.531986Z 0 [System] [MY-010229] [Server] Starting XA crash recovery...
2024-12-01T11:20:25.535196Z 0 [System] [MY-010232] [Server] XA crash recovery finished.
2024-12-01T11:20:25.637449Z 0 [Warning] [MY-013829] [Server] Missing data directory for ICU regular expressions: C:\laragon\bin\mysql\mysql-8.0.30-winx64\lib\private\.
2024-12-01T11:20:25.651243Z 0 [Warning] [MY-010068] [Server] CA certificate ca.pem is self signed.
2024-12-01T11:20:25.651786Z 0 [System] [MY-013602] [Server] Channel mysql_main configured to support TLS. Encrypted connections are now supported for this channel.
2024-12-01T11:20:25.707577Z 0 [System] [MY-011323] [Server] X Plugin ready for connections. Bind-address: '::' port: 33060
2024-12-01T11:20:25.707664Z 0 [System] [MY-010931] [Server] C:\laragon\bin\mysql\mysql-8.0.30-winx64\bin\mysqld: ready for connections. Version: '8.0.30'  socket: ''  port: 3306  MySQL Community Server - GPL.
2024-12-01T16:54:43.659752Z 0 [Warning] [MY-010097] [Server] Insecure configuration for --secure-file-priv: Current value does not restrict location of generated files. Consider setting it to a valid, non-empty path.
2024-12-01T16:54:43.660710Z 0 [Warning] [MY-010918] [Server] 'default_authentication_plugin' is deprecated and will be removed in a future release. Please use authentication_policy instead.
2024-12-01T16:54:43.660740Z 0 [System] [MY-010116] [Server] C:\laragon\bin\mysql\mysql-8.0.30-winx64\bin\mysqld (mysqld 8.0.30) starting as process 3364
2024-12-01T16:54:43.770680Z 1 [System] [MY-013576] [InnoDB] InnoDB initialization has started.
2024-12-01T16:54:44.686526Z 1 [System] [MY-013577] [InnoDB] InnoDB initialization has ended.
2024-12-01T16:54:45.081387Z 0 [System] [MY-010229] [Server] Starting XA crash recovery...
2024-12-01T16:54:45.085979Z 0 [System] [MY-010232] [Server] XA crash recovery finished.
2024-12-01T16:54:45.209243Z 0 [Warning] [MY-013829] [Server] Missing data directory for ICU regular expressions: C:\laragon\bin\mysql\mysql-8.0.30-winx64\lib\private\.
2024-12-01T16:54:45.230290Z 0 [Warning] [MY-010068] [Server] CA certificate ca.pem is self signed.
2024-12-01T16:54:45.230893Z 0 [System] [MY-013602] [Server] Channel mysql_main configured to support TLS. Encrypted connections are now supported for this channel.
2024-12-01T16:54:45.284731Z 0 [System] [MY-011323] [Server] X Plugin ready for connections. Bind-address: '::' port: 33060
2024-12-01T16:54:45.284835Z 0 [System] [MY-010931] [Server] C:\laragon\bin\mysql\mysql-8.0.30-winx64\bin\mysqld: ready for connections. Version: '8.0.30'  socket: ''  port: 3306  MySQL Community Server - GPL.
2024-12-01T18:07:40.733124Z 155 [System] [MY-013172] [Server] Received SHUTDOWN from user root. Shutting down mysqld (Version: 8.0.30).
2024-12-01T18:07:40.733855Z 0 [System] [MY-013105] [Server] C:\laragon\bin\mysql\mysql-8.0.30-winx64\bin\mysqld: Normal shutdown.
2024-12-01T18:07:41.289917Z 0 [System] [MY-010910] [Server] C:\laragon\bin\mysql\mysql-8.0.30-winx64\bin\mysqld: Shutdown complete (mysqld 8.0.30)  MySQL Community Server - GPL.
